2021-01-08 19:10:12.107 - INFO - 23968 - azureml.train.automl._azureautomlclient.modify_run_configuration:199 - Package azureml-train-automl missing from dependencies file.
2021-01-08 19:10:13.119 - INFO - 23968 - azureml.train.automl._azureautomlclient.modify_run_configuration:205 - Using pinned version: azureml-train-automl==1.19.0.*
2021-01-08 19:10:13.119 - INFO - 23968 - azureml.train.automl._azureautomlclient.modify_run_configuration:199 - Package pandas missing from dependencies file.
2021-01-08 19:10:13.120 - INFO - 23968 - azureml.train.automl._azureautomlclient.modify_run_configuration:205 - Using pinned version: pandas==0.25.1
2021-01-08 19:10:13.120 - INFO - 23968 - azureml.train.automl._azureautomlclient.modify_run_configuration:199 - Package psutil missing from dependencies file.
2021-01-08 19:10:13.120 - INFO - 23968 - azureml.train.automl._azureautomlclient.modify_run_configuration:205 - Using pinned version: psutil>5.0.0,<6.0.0
2021-01-08 19:10:13.120 - INFO - 23968 - azureml.train.automl._azureautomlclient.modify_run_configuration:199 - Package scikit-learn missing from dependencies file.
2021-01-08 19:10:13.120 - INFO - 23968 - azureml.train.automl._azureautomlclient.modify_run_configuration:205 - Using pinned version: scikit-learn==0.22.1
2021-01-08 19:10:13.120 - INFO - 23968 - azureml.train.automl._azureautomlclient.modify_run_configuration:199 - Package numpy missing from dependencies file.
2021-01-08 19:10:13.120 - INFO - 23968 - azureml.train.automl._azureautomlclient.modify_run_configuration:205 - Using pinned version: numpy~=1.18.0
2021-01-08 19:10:13.120 - INFO - 23968 - azureml.train.automl._azureautomlclient.modify_run_configuration:199 - Package py-xgboost missing from dependencies file.
2021-01-08 19:10:13.121 - INFO - 23968 - azureml.train.automl._azureautomlclient.modify_run_configuration:205 - Using pinned version: py-xgboost<=0.90
2021-01-08 19:10:13.121 - INFO - 23968 - azureml.train.automl._azureautomlclient.modify_run_configuration:199 - Package inference-schema missing from dependencies file.
2021-01-08 19:10:13.121 - INFO - 23968 - azureml.train.automl._azureautomlclient.modify_run_configuration:199 - Package fbprophet missing from dependencies file.
2021-01-08 19:10:13.121 - INFO - 23968 - azureml.train.automl._azureautomlclient.modify_run_configuration:205 - Using pinned version: fbprophet==0.5
2021-01-08 19:10:13.121 - INFO - 23968 - azureml.train.automl._azureautomlclient.modify_run_configuration:199 - Package setuptools-git missing from dependencies file.
2021-01-08 19:10:13.148 - INFO - 23968 - azureml.automl.core.dataset_utilities._save_datasets_to_json:148 - JSON serialization of input of type <class 'NoneType'> is un-supported.
2021-01-08 19:10:13.162 - INFO - 23968 - azureml.automl.core.dataset_utilities._save_datasets_to_json:148 - JSON serialization of input of type <class 'NoneType'> is un-supported.
2021-01-08 19:10:13.163 - INFO - 23968 - azureml.train.automl._azureautomlclient._validate_input:663 - Start data validation.
2021-01-08 19:10:13.167 - CRITICAL - 23968 - azureml.train.automl._azureautomlclient.log_traceback:224 - Type: Unclassified
Class: ValueError
Message: experiment_id should not be None.
Traceback:
  File "_azureautomlclient.py", line 672, in _validate_input
    validation_results = self._jasmine_client.post_validate_service(parent_run_dto)
  File "jasmine_client.py", line 60, in post_validate_service
    self._client.jasmine.validate_run_input, create_parent_run_dto)
  File "experiment_client.py", line 261, in _execute_with_experimentid_arguments
    raise ValueError("experiment_id should not be None.")

ExceptionTarget: Unspecified
2021-01-08 19:10:13.167 - WARNING - 23968 - azureml.train.automl._azureautomlclient._validate_input:680 - Validation service meet exceptions, continue training now.
2021-01-13 20:06:59.563 - INFO - 59812 - azureml.train.automl._azureautomlclient.modify_run_configuration:199 - Package azureml-train-automl missing from dependencies file.
2021-01-13 20:07:00.574 - INFO - 59812 - azureml.train.automl._azureautomlclient.modify_run_configuration:205 - Using pinned version: azureml-train-automl==1.19.0.*
2021-01-13 20:07:00.574 - INFO - 59812 - azureml.train.automl._azureautomlclient.modify_run_configuration:199 - Package pandas missing from dependencies file.
2021-01-13 20:07:00.574 - INFO - 59812 - azureml.train.automl._azureautomlclient.modify_run_configuration:205 - Using pinned version: pandas==0.25.1
2021-01-13 20:07:00.574 - INFO - 59812 - azureml.train.automl._azureautomlclient.modify_run_configuration:199 - Package psutil missing from dependencies file.
2021-01-13 20:07:00.575 - INFO - 59812 - azureml.train.automl._azureautomlclient.modify_run_configuration:205 - Using pinned version: psutil>5.0.0,<6.0.0
2021-01-13 20:07:00.575 - INFO - 59812 - azureml.train.automl._azureautomlclient.modify_run_configuration:199 - Package scikit-learn missing from dependencies file.
2021-01-13 20:07:00.575 - INFO - 59812 - azureml.train.automl._azureautomlclient.modify_run_configuration:205 - Using pinned version: scikit-learn==0.22.1
2021-01-13 20:07:00.575 - INFO - 59812 - azureml.train.automl._azureautomlclient.modify_run_configuration:199 - Package numpy missing from dependencies file.
2021-01-13 20:07:00.575 - INFO - 59812 - azureml.train.automl._azureautomlclient.modify_run_configuration:205 - Using pinned version: numpy~=1.18.0
2021-01-13 20:07:00.575 - INFO - 59812 - azureml.train.automl._azureautomlclient.modify_run_configuration:199 - Package py-xgboost missing from dependencies file.
2021-01-13 20:07:00.575 - INFO - 59812 - azureml.train.automl._azureautomlclient.modify_run_configuration:205 - Using pinned version: py-xgboost<=0.90
2021-01-13 20:07:00.575 - INFO - 59812 - azureml.train.automl._azureautomlclient.modify_run_configuration:199 - Package inference-schema missing from dependencies file.
2021-01-13 20:07:00.576 - INFO - 59812 - azureml.train.automl._azureautomlclient.modify_run_configuration:199 - Package fbprophet missing from dependencies file.
2021-01-13 20:07:00.576 - INFO - 59812 - azureml.train.automl._azureautomlclient.modify_run_configuration:205 - Using pinned version: fbprophet==0.5
2021-01-13 20:07:00.576 - INFO - 59812 - azureml.train.automl._azureautomlclient.modify_run_configuration:199 - Package setuptools-git missing from dependencies file.
2021-01-13 20:07:00.591 - INFO - 59812 - azureml.automl.core.dataset_utilities._save_datasets_to_json:148 - JSON serialization of input of type <class 'NoneType'> is un-supported.
2021-01-13 20:07:00.603 - INFO - 59812 - azureml.automl.core.dataset_utilities._save_datasets_to_json:148 - JSON serialization of input of type <class 'NoneType'> is un-supported.
2021-01-13 20:07:00.604 - INFO - 59812 - azureml.train.automl._azureautomlclient._validate_input:663 - Start data validation.
2021-01-13 20:07:00.621 - CRITICAL - 59812 - azureml.train.automl._azureautomlclient.log_traceback:224 - Type: Unclassified
Class: ValueError
Message: experiment_id should not be None.
Traceback:
  File "_azureautomlclient.py", line 672, in _validate_input
    validation_results = self._jasmine_client.post_validate_service(parent_run_dto)
  File "jasmine_client.py", line 60, in post_validate_service
    self._client.jasmine.validate_run_input, create_parent_run_dto)
  File "experiment_client.py", line 261, in _execute_with_experimentid_arguments
    raise ValueError("experiment_id should not be None.")

ExceptionTarget: Unspecified
2021-01-13 20:07:00.621 - WARNING - 59812 - azureml.train.automl._azureautomlclient._validate_input:680 - Validation service meet exceptions, continue training now.
